[2019-05-28 13:44:59.892] [scheduling-1][ERROR][com.example.demo.controller.MailScheduler][doTask] line:[43]-> 我要开始发邮件啦,现在的时间为:Tue May 28 13:44:59 CST 2019
[2019-05-28 13:45:52.829] [http-nio-8083-exec-2][INFO][com.example.demo.controller.BugController][insert] line:[164]-> 转页面
[2019-05-28 13:46:09.862] [http-nio-8083-exec-5][INFO][com.example.demo.controller.BugController][create] line:[183]-> 新增bug记录
[2019-05-28 13:46:09.943] [http-nio-8083-exec-5][INFO][com.example.demo.controller.BugController][create] line:[187]-> 新增bug成功！
[2019-05-28 13:46:32.791] [http-nio-8083-exec-5][INFO][com.example.demo.controller.BugController][findByIdpage] line:[148]-> 根据用户ID查询用户信息
[2019-05-28 13:46:32.865] [http-nio-8083-exec-5][INFO][com.example.demo.controller.BugController][findByIdpage] line:[150]-> Bug{id=78, pname='阿里巴巴1', crname='内部不收费CR', crnum='', tasknum='', oname='UAT测试', description='', rca='', solution='', tracking='null', developer='我是开发1', tester='测试人员2', creationdt='2019-05-23 23:25:19', updatedt='2019-05-23 23:25:19', bugStatus='新建'}
[2019-05-28 13:46:32.865] [http-nio-8083-exec-5][INFO][com.example.demo.controller.BugController][findByIdpage] line:[152]-> 查询成功！
[2019-05-28 13:46:44.741] [http-nio-8083-exec-1][INFO][com.example.demo.controller.TaskController][insert] line:[99]-> 转页面
[2019-05-28 13:47:03.537] [http-nio-8083-exec-5][INFO][com.example.demo.controller.TaskController][TaskCreation] line:[115]-> 新增Task记录
[2019-05-28 13:47:03.614] [http-nio-8083-exec-5][INFO][com.example.demo.controller.TaskController][TaskCreation] line:[118]-> 新增task成功！
[2019-05-28 13:47:15.917] [http-nio-8083-exec-1][INFO][com.example.demo.controller.TaskController][findTaskById] line:[42]-> 根据Task的ID来查找Task信息
[2019-05-28 13:47:15.990] [http-nio-8083-exec-1][INFO][com.example.demo.controller.TaskController][findTaskById] line:[48]-> 查询成功！
[2019-05-28 13:47:17.911] [http-nio-8083-exec-3][INFO][com.example.demo.controller.TaskController][tasktoUpdate] line:[147]-> 转向更新页面,在页面提交之前，并未进行更新
[2019-05-28 13:47:18.129] [http-nio-8083-exec-3][INFO][com.example.demo.controller.TaskController][tasktoUpdate] line:[159]-> 转向==============================================更新
[2019-05-28 13:47:50.908] [http-nio-8083-exec-5][INFO][com.example.demo.controller.TaskController][TaskUpdate] line:[166]-> 根据ID更新task任务
[2019-05-28 13:47:50.983] [http-nio-8083-exec-5][INFO][com.example.demo.controller.TaskController][TaskUpdate] line:[170]-> 根据ID更新task任务成功！
[2019-05-28 13:47:59.262] [http-nio-8083-exec-1][INFO][com.example.demo.controller.TaskController][findTaskById] line:[42]-> 根据Task的ID来查找Task信息
[2019-05-28 13:47:59.334] [http-nio-8083-exec-1][INFO][com.example.demo.controller.TaskController][findTaskById] line:[48]-> 查询成功！
[2019-05-28 13:48:00.742] [http-nio-8083-exec-3][INFO][com.example.demo.controller.CaseController][findCaseByTaskId] line:[73]-> 查询成功！
[2019-05-28 13:48:02.269] [http-nio-8083-exec-8][INFO][com.example.demo.controller.CaseController][insertCasePage] line:[172]-> 转页面
[2019-05-28 13:58:37.551] [http-nio-8083-exec-10][INFO][com.example.demo.controller.TaskController][findTaskById] line:[42]-> 根据Task的ID来查找Task信息
[2019-05-28 13:58:37.643] [http-nio-8083-exec-10][INFO][com.example.demo.controller.TaskController][findTaskById] line:[48]-> 查询成功！
[2019-05-28 13:58:38.753] [http-nio-8083-exec-3][INFO][com.example.demo.controller.CaseController][findCaseByTaskId] line:[73]-> 查询成功！
[2019-05-28 13:58:39.989] [http-nio-8083-exec-6][INFO][com.example.demo.controller.CaseController][insertCasePage] line:[172]-> 转页面
[2019-05-28 14:00:00.002] [scheduling-1][ERROR][com.example.demo.controller.MailScheduler][doTask] line:[43]-> 我要开始发邮件啦,现在的时间为:Tue May 28 14:00:00 CST 2019
[2019-05-28 14:01:05.679] [http-nio-8083-exec-6][INFO][com.example.demo.controller.TaskController][findTaskById] line:[42]-> 根据Task的ID来查找Task信息
[2019-05-28 14:01:05.755] [http-nio-8083-exec-6][INFO][com.example.demo.controller.TaskController][findTaskById] line:[48]-> 查询成功！
[2019-05-28 14:01:06.893] [http-nio-8083-exec-10][INFO][com.example.demo.controller.CaseController][findCaseByTaskId] line:[73]-> 查询成功！
[2019-05-28 14:01:07.790] [http-nio-8083-exec-4][INFO][com.example.demo.controller.CaseController][insertCasePage] line:[172]-> 转页面
[2019-05-28 14:02:25.557] [http-nio-8083-exec-4][INFO][com.example.demo.controller.CaseController][insertCasePage] line:[172]-> 转页面
[2019-05-28 14:03:31.129] [http-nio-8083-exec-2][INFO][com.example.demo.controller.TaskController][findTaskById] line:[42]-> 根据Task的ID来查找Task信息
[2019-05-28 14:03:31.204] [http-nio-8083-exec-2][INFO][com.example.demo.controller.TaskController][findTaskById] line:[48]-> 查询成功！
[2019-05-28 14:03:32.209] [http-nio-8083-exec-4][INFO][com.example.demo.controller.CaseController][findCaseByTaskId] line:[73]-> 查询成功！
[2019-05-28 14:03:33.776] [http-nio-8083-exec-9][INFO][com.example.demo.controller.CaseController][insertCasePage] line:[172]-> 转页面
[2019-05-28 14:03:54.824] [http-nio-8083-exec-3][INFO][com.example.demo.controller.CaseController][insertCasePage] line:[172]-> 转页面
[2019-05-28 14:04:02.247] [http-nio-8083-exec-1][INFO][com.example.demo.controller.TaskController][findTaskById] line:[42]-> 根据Task的ID来查找Task信息
[2019-05-28 14:04:02.327] [http-nio-8083-exec-1][INFO][com.example.demo.controller.TaskController][findTaskById] line:[48]-> 查询成功！
[2019-05-28 14:04:04.029] [http-nio-8083-exec-3][INFO][com.example.demo.controller.CaseController][findCaseByTaskId] line:[73]-> 查询成功！
[2019-05-28 14:04:06.147] [http-nio-8083-exec-6][INFO][com.example.demo.controller.CaseController][insertCasePage] line:[172]-> 转页面
[2019-05-28 14:04:44.165] [http-nio-8083-exec-7][INFO][com.example.demo.controller.TaskController][findTaskById] line:[42]-> 根据Task的ID来查找Task信息
[2019-05-28 14:04:44.243] [http-nio-8083-exec-7][INFO][com.example.demo.controller.TaskController][findTaskById] line:[48]-> 查询成功！
[2019-05-28 14:05:26.397] [http-nio-8083-exec-5][INFO][com.example.demo.controller.CaseController][findCaseByTaskId] line:[73]-> 查询成功！
[2019-05-28 14:05:30.979] [http-nio-8083-exec-9][INFO][com.example.demo.controller.CaseController][casetoUpdate] line:[142]-> 转向更新页面,在页面提交之前，并未进行更新
[2019-05-28 14:05:31.133] [http-nio-8083-exec-9][INFO][com.example.demo.controller.CaseController][casetoUpdate] line:[151]-> 转向==============================================更新
[2019-05-28 14:05:36.871] [http-nio-8083-exec-2][INFO][com.example.demo.controller.CaseController][UpdateCaseById] line:[130]-> 根据ID更新Case任务成功！
[2019-05-28 14:06:53.474] [http-nio-8083-exec-9][INFO][com.example.demo.controller.TaskController][findTaskById] line:[42]-> 根据Task的ID来查找Task信息
[2019-05-28 14:06:53.549] [http-nio-8083-exec-9][INFO][com.example.demo.controller.TaskController][findTaskById] line:[48]-> 查询成功！
[2019-05-28 14:06:59.938] [http-nio-8083-exec-2][INFO][com.example.demo.controller.CaseController][findCaseByTaskId] line:[73]-> 查询成功！
[2019-05-28 14:14:59.992] [scheduling-1][ERROR][com.example.demo.controller.MailScheduler][doTask] line:[43]-> 我要开始发邮件啦,现在的时间为:Tue May 28 14:14:59 CST 2019
[2019-05-28 14:16:28.422] [http-nio-8083-exec-8][INFO][com.example.demo.controller.TaskController][findTaskById] line:[42]-> 根据Task的ID来查找Task信息
[2019-05-28 14:16:28.500] [http-nio-8083-exec-8][INFO][com.example.demo.controller.TaskController][findTaskById] line:[48]-> 查询成功！
[2019-05-28 14:16:29.613] [http-nio-8083-exec-10][INFO][com.example.demo.controller.CaseController][findCaseByTaskId] line:[74]-> 查询成功！
[2019-05-28 14:16:33.259] [http-nio-8083-exec-6][INFO][com.example.demo.controller.CaseController][casetoUpdate] line:[143]-> 转向更新页面,在页面提交之前，并未进行更新
[2019-05-28 14:16:33.411] [http-nio-8083-exec-6][INFO][com.example.demo.controller.CaseController][casetoUpdate] line:[152]-> 转向==============================================更新
[2019-05-28 14:16:49.430] [http-nio-8083-exec-8][INFO][com.example.demo.controller.CaseController][UpdateCaseById] line:[131]-> 根据ID更新Case任务成功！
[2019-05-28 14:23:58.582] [http-nio-8083-exec-10][INFO][com.example.demo.controller.TaskController][insert] line:[99]-> 转页面
[2019-05-28 14:24:03.818] [http-nio-8083-exec-5][INFO][com.example.demo.controller.TaskController][findTaskById] line:[42]-> 根据Task的ID来查找Task信息
[2019-05-28 14:24:03.893] [http-nio-8083-exec-5][INFO][com.example.demo.controller.TaskController][findTaskById] line:[48]-> 查询成功！
[2019-05-28 14:24:05.781] [http-nio-8083-exec-9][INFO][com.example.demo.controller.CaseController][findCaseByTaskId] line:[74]-> 查询成功！
[2019-05-28 14:24:11.798] [http-nio-8083-exec-6][INFO][com.example.demo.controller.CaseController][casetoUpdate] line:[158]-> 转向更新页面,在页面提交之前，并未进行更新
[2019-05-28 14:24:11.950] [http-nio-8083-exec-6][INFO][com.example.demo.controller.CaseController][casetoUpdate] line:[167]-> 转向==============================================更新
[2019-05-28 14:24:25.708] [http-nio-8083-exec-5][INFO][com.example.demo.controller.CaseController][UpdateCaseById] line:[144]-> 根据ID更新Case任务成功！
[2019-05-28 14:24:47.743] [http-nio-8083-exec-4][INFO][com.example.demo.controller.CaseController][casetoUpdate] line:[158]-> 转向更新页面,在页面提交之前，并未进行更新
[2019-05-28 14:24:47.902] [http-nio-8083-exec-4][INFO][com.example.demo.controller.CaseController][casetoUpdate] line:[167]-> 转向==============================================更新
[2019-05-28 14:24:54.055] [http-nio-8083-exec-10][INFO][com.example.demo.controller.TaskController][findTaskById] line:[42]-> 根据Task的ID来查找Task信息
[2019-05-28 14:24:54.128] [http-nio-8083-exec-10][INFO][com.example.demo.controller.TaskController][findTaskById] line:[48]-> 查询成功！
[2019-05-28 14:27:06.488] [http-nio-8083-exec-2][INFO][com.example.demo.controller.TaskController][findTaskById] line:[42]-> 根据Task的ID来查找Task信息
[2019-05-28 14:27:06.554] [http-nio-8083-exec-2][INFO][com.example.demo.controller.TaskController][findTaskById] line:[48]-> 查询成功！
[2019-05-28 14:27:07.590] [http-nio-8083-exec-4][INFO][com.example.demo.controller.CaseController][findCaseByTaskId] line:[74]-> 查询成功！
[2019-05-28 14:27:11.834] [http-nio-8083-exec-1][INFO][com.example.demo.controller.CaseController][casetoUpdate] line:[158]-> 转向更新页面,在页面提交之前，并未进行更新
[2019-05-28 14:27:11.971] [http-nio-8083-exec-1][INFO][com.example.demo.controller.CaseController][casetoUpdate] line:[167]-> 转向==============================================更新
[2019-05-28 14:27:15.760] [http-nio-8083-exec-3][INFO][com.example.demo.controller.CaseController][UpdateCaseById] line:[144]-> 根据ID更新Case任务成功！
[2019-05-28 14:27:44.837] [http-nio-8083-exec-1][INFO][com.example.demo.controller.CaseController][casetoUpdate] line:[158]-> 转向更新页面,在页面提交之前，并未进行更新
[2019-05-28 14:27:44.976] [http-nio-8083-exec-1][INFO][com.example.demo.controller.CaseController][casetoUpdate] line:[167]-> 转向==============================================更新
[2019-05-28 14:27:47.866] [http-nio-8083-exec-7][INFO][com.example.demo.controller.TaskController][findTaskById] line:[42]-> 根据Task的ID来查找Task信息
[2019-05-28 14:27:47.934] [http-nio-8083-exec-7][INFO][com.example.demo.controller.TaskController][findTaskById] line:[48]-> 查询成功！
[2019-05-28 14:27:50.879] [http-nio-8083-exec-8][INFO][com.example.demo.controller.CaseController][findCaseByTaskId] line:[74]-> 查询成功！
[2019-05-28 14:27:53.745] [http-nio-8083-exec-2][INFO][com.example.demo.controller.CaseController][insertCasePage] line:[191]-> 转页面
[2019-05-28 14:28:14.828] [http-nio-8083-exec-2][INFO][com.example.demo.controller.CaseController][insertCasePage] line:[191]-> 转页面
[2019-05-28 14:30:00.002] [scheduling-1][ERROR][com.example.demo.controller.MailScheduler][doTask] line:[43]-> 我要开始发邮件啦,现在的时间为:Tue May 28 14:30:00 CST 2019
[2019-05-28 14:37:15.245] [http-nio-8083-exec-8][INFO][com.example.demo.controller.TaskController][findTaskById] line:[42]-> 根据Task的ID来查找Task信息
[2019-05-28 14:37:15.323] [http-nio-8083-exec-8][INFO][com.example.demo.controller.TaskController][findTaskById] line:[48]-> 查询成功！
[2019-05-28 14:37:16.867] [http-nio-8083-exec-10][INFO][com.example.demo.controller.CaseController][findCaseByTaskId] line:[74]-> 查询成功！
[2019-05-28 14:37:23.482] [http-nio-8083-exec-6][INFO][com.example.demo.controller.CaseController][casetoUpdate] line:[158]-> 转向更新页面,在页面提交之前，并未进行更新
[2019-05-28 14:37:23.634] [http-nio-8083-exec-6][INFO][com.example.demo.controller.CaseController][casetoUpdate] line:[167]-> 转向==============================================更新
[2019-05-28 14:45:00.003] [scheduling-1][ERROR][com.example.demo.controller.MailScheduler][doTask] line:[43]-> 我要开始发邮件啦,现在的时间为:Tue May 28 14:45:00 CST 2019
[2019-05-28 14:46:01.279] [http-nio-8083-exec-2][INFO][com.example.demo.controller.CaseController][UpdateCaseById] line:[144]-> 根据ID更新Case任务成功！
[2019-05-28 14:46:10.071] [http-nio-8083-exec-8][INFO][com.example.demo.controller.CaseController][casetoUpdate] line:[158]-> 转向更新页面,在页面提交之前，并未进行更新
[2019-05-28 14:46:10.218] [http-nio-8083-exec-8][INFO][com.example.demo.controller.CaseController][casetoUpdate] line:[167]-> 转向==============================================更新
[2019-05-28 14:46:11.996] [http-nio-8083-exec-10][INFO][com.example.demo.controller.CaseController][UpdateCaseById] line:[144]-> 根据ID更新Case任务成功！
[2019-05-28 14:48:31.542] [http-nio-8083-exec-8][INFO][com.example.demo.controller.TaskController][findTaskById] line:[42]-> 根据Task的ID来查找Task信息
[2019-05-28 14:48:31.618] [http-nio-8083-exec-8][INFO][com.example.demo.controller.TaskController][findTaskById] line:[48]-> 查询成功！
[2019-05-28 14:48:33.010] [http-nio-8083-exec-10][INFO][com.example.demo.controller.CaseController][findCaseByTaskId] line:[74]-> 查询成功！
[2019-05-28 14:48:37.469] [http-nio-8083-exec-6][INFO][com.example.demo.controller.CaseController][casetoUpdate] line:[158]-> 转向更新页面,在页面提交之前，并未进行更新
[2019-05-28 14:48:37.621] [http-nio-8083-exec-6][INFO][com.example.demo.controller.CaseController][casetoUpdate] line:[167]-> 转向==============================================更新
[2019-05-28 14:48:42.651] [http-nio-8083-exec-9][INFO][com.example.demo.controller.CaseController][UpdateCaseById] line:[144]-> 根据ID更新Case任务成功！
[2019-05-28 14:49:37.711] [http-nio-8083-exec-7][INFO][com.example.demo.controller.TaskController][findTaskById] line:[42]-> 根据Task的ID来查找Task信息
[2019-05-28 14:49:37.784] [http-nio-8083-exec-7][INFO][com.example.demo.controller.TaskController][findTaskById] line:[48]-> 查询成功！
[2019-05-28 14:49:38.778] [http-nio-8083-exec-10][INFO][com.example.demo.controller.CaseController][findCaseByTaskId] line:[74]-> 查询成功！
[2019-05-28 14:49:42.391] [http-nio-8083-exec-8][INFO][com.example.demo.controller.CaseController][casetoUpdate] line:[158]-> 转向更新页面,在页面提交之前，并未进行更新
[2019-05-28 14:49:42.539] [http-nio-8083-exec-8][INFO][com.example.demo.controller.CaseController][casetoUpdate] line:[167]-> 转向==============================================更新
[2019-05-28 14:49:44.229] [http-nio-8083-exec-4][INFO][com.example.demo.controller.CaseController][UpdateCaseById] line:[144]-> 根据ID更新Case任务成功！
[2019-05-28 14:51:01.376] [http-nio-8083-exec-5][INFO][com.example.demo.controller.TaskController][findTaskById] line:[42]-> 根据Task的ID来查找Task信息
[2019-05-28 14:51:01.458] [http-nio-8083-exec-5][INFO][com.example.demo.controller.TaskController][findTaskById] line:[48]-> 查询成功！
[2019-05-28 14:51:02.861] [http-nio-8083-exec-7][INFO][com.example.demo.controller.CaseController][findCaseByTaskId] line:[74]-> 查询成功！
[2019-05-28 14:51:03.758] [http-nio-8083-exec-2][INFO][com.example.demo.controller.CaseController][insertCasePage] line:[191]-> 转页面
[2019-05-28 14:51:45.737] [http-nio-8083-exec-8][INFO][com.example.demo.controller.CaseController][findCaseByTaskId] line:[74]-> 查询成功！
[2019-05-28 14:52:15.457] [http-nio-8083-exec-10][INFO][com.example.demo.controller.TaskController][findTaskById] line:[42]-> 根据Task的ID来查找Task信息
[2019-05-28 14:52:15.533] [http-nio-8083-exec-10][INFO][com.example.demo.controller.TaskController][findTaskById] line:[48]-> 查询成功！
[2019-05-28 14:52:19.604] [http-nio-8083-exec-3][INFO][com.example.demo.controller.CaseController][findCaseByTaskId] line:[74]-> 查询成功！
[2019-05-28 14:52:21.555] [http-nio-8083-exec-9][INFO][com.example.demo.controller.CaseController][insertCasePage] line:[191]-> 转页面
[2019-05-28 14:55:23.967] [http-nio-8083-exec-7][INFO][com.example.demo.controller.TaskController][findTaskById] line:[42]-> 根据Task的ID来查找Task信息
[2019-05-28 14:55:24.051] [http-nio-8083-exec-7][INFO][com.example.demo.controller.TaskController][findTaskById] line:[48]-> 查询成功！
[2019-05-28 14:55:25.334] [http-nio-8083-exec-1][INFO][com.example.demo.controller.CaseController][findCaseByTaskId] line:[74]-> 查询成功！
[2019-05-28 14:55:28.646] [http-nio-8083-exec-10][INFO][com.example.demo.controller.CaseController][casetoUpdate] line:[158]-> 转向更新页面,在页面提交之前，并未进行更新
[2019-05-28 14:55:28.811] [http-nio-8083-exec-10][INFO][com.example.demo.controller.CaseController][casetoUpdate] line:[167]-> 转向==============================================更新
[2019-05-28 14:55:30.588] [http-nio-8083-exec-2][INFO][com.example.demo.controller.CaseController][UpdateCaseById] line:[144]-> 根据ID更新Case任务成功！
[2019-05-28 14:55:45.954] [http-nio-8083-exec-2][INFO][com.example.demo.controller.CaseController][casetoUpdate] line:[158]-> 转向更新页面,在页面提交之前，并未进行更新
[2019-05-28 14:55:46.124] [http-nio-8083-exec-2][INFO][com.example.demo.controller.CaseController][casetoUpdate] line:[167]-> 转向==============================================更新
[2019-05-28 14:56:22.103] [http-nio-8083-exec-1][INFO][com.example.demo.controller.TaskController][findTaskById] line:[42]-> 根据Task的ID来查找Task信息
[2019-05-28 14:56:22.187] [http-nio-8083-exec-1][INFO][com.example.demo.controller.TaskController][findTaskById] line:[48]-> 查询成功！
[2019-05-28 14:56:23.357] [http-nio-8083-exec-3][INFO][com.example.demo.controller.CaseController][findCaseByTaskId] line:[74]-> 查询成功！
[2019-05-28 14:56:24.343] [http-nio-8083-exec-10][INFO][com.example.demo.controller.CaseController][insertCasePage] line:[191]-> 转页面
[2019-05-28 14:56:47.887] [http-nio-8083-exec-7][INFO][com.example.demo.controller.CaseController][findCaseByTaskId] line:[74]-> 查询成功！
[2019-05-28 14:56:53.284] [http-nio-8083-exec-1][INFO][com.example.demo.controller.CaseController][insertCasePage] line:[191]-> 转页面
[2019-05-28 14:57:05.238] [http-nio-8083-exec-8][INFO][com.example.demo.controller.CaseController][findCaseByTaskId] line:[74]-> 查询成功！
[2019-05-28 14:57:07.528] [http-nio-8083-exec-2][INFO][com.example.demo.controller.CaseController][insertCasePage] line:[191]-> 转页面
[2019-05-28 14:59:01.560] [http-nio-8083-exec-9][INFO][com.example.demo.controller.TaskController][findTaskById] line:[42]-> 根据Task的ID来查找Task信息
[2019-05-28 14:59:01.639] [http-nio-8083-exec-9][INFO][com.example.demo.controller.TaskController][findTaskById] line:[48]-> 查询成功！
[2019-05-28 14:59:02.554] [http-nio-8083-exec-2][INFO][com.example.demo.controller.CaseController][findCaseByTaskId] line:[74]-> 查询成功！
[2019-05-28 14:59:04.457] [http-nio-8083-exec-7][INFO][com.example.demo.controller.CaseController][insertCasePage] line:[191]-> 转页面
[2019-05-28 15:00:00.003] [scheduling-1][ERROR][com.example.demo.controller.MailScheduler][doTask] line:[43]-> 我要开始发邮件啦,现在的时间为:Tue May 28 15:00:00 CST 2019
[2019-05-28 15:00:42.089] [http-nio-8083-exec-10][INFO][com.example.demo.controller.TaskController][findTaskById] line:[42]-> 根据Task的ID来查找Task信息
[2019-05-28 15:00:42.164] [http-nio-8083-exec-10][INFO][com.example.demo.controller.TaskController][findTaskById] line:[48]-> 查询成功！
[2019-05-28 15:00:43.640] [http-nio-8083-exec-2][INFO][com.example.demo.controller.CaseController][findCaseByTaskId] line:[74]-> 查询成功！
[2019-05-28 15:00:45.170] [http-nio-8083-exec-7][INFO][com.example.demo.controller.CaseController][insertCasePage] line:[191]-> 转页面
[2019-05-28 15:00:59.317] [http-nio-8083-exec-5][INFO][com.example.demo.controller.CaseController][findCaseByTaskId] line:[74]-> 查询成功！
[2019-05-28 15:01:03.668] [http-nio-8083-exec-10][INFO][com.example.demo.controller.CaseController][insertCasePage] line:[191]-> 转页面
[2019-05-28 15:01:08.971] [http-nio-8083-exec-6][INFO][com.example.demo.controller.CaseController][findCaseByTaskId] line:[74]-> 查询成功！
[2019-05-28 15:01:22.417] [http-nio-8083-exec-6][INFO][com.example.demo.controller.TaskController][findTaskById] line:[42]-> 根据Task的ID来查找Task信息
[2019-05-28 15:01:22.491] [http-nio-8083-exec-6][INFO][com.example.demo.controller.TaskController][findTaskById] line:[48]-> 查询成功！
[2019-05-28 15:01:24.167] [http-nio-8083-exec-7][INFO][com.example.demo.controller.CaseController][findCaseByTaskId] line:[74]-> 查询成功！
[2019-05-28 15:01:25.300] [http-nio-8083-exec-3][INFO][com.example.demo.controller.CaseController][insertCasePage] line:[191]-> 转页面
[2019-05-28 15:04:31.858] [http-nio-8083-exec-8][INFO][com.example.demo.controller.CaseController][findCaseByTaskId] line:[74]-> 查询成功！
[2019-05-28 15:04:41.178] [http-nio-8083-exec-8][INFO][com.example.demo.controller.TaskController][insert] line:[99]-> 转页面
[2019-05-28 15:04:57.024] [http-nio-8083-exec-9][INFO][com.example.demo.controller.TaskController][TaskCreation] line:[115]-> 新增Task记录
[2019-05-28 15:04:57.108] [http-nio-8083-exec-9][INFO][com.example.demo.controller.TaskController][TaskCreation] line:[118]-> 新增task成功！
[2019-05-28 15:05:00.826] [http-nio-8083-exec-1][INFO][com.example.demo.controller.TaskController][findTaskById] line:[42]-> 根据Task的ID来查找Task信息
[2019-05-28 15:05:00.905] [http-nio-8083-exec-1][INFO][com.example.demo.controller.TaskController][findTaskById] line:[48]-> 查询成功！
[2019-05-28 15:05:01.937] [http-nio-8083-exec-3][INFO][com.example.demo.controller.CaseController][findCaseByTaskId] line:[74]-> 查询成功！
[2019-05-28 15:05:02.909] [http-nio-8083-exec-7][INFO][com.example.demo.controller.CaseController][insertCasePage] line:[191]-> 转页面
[2019-05-28 15:05:12.707] [http-nio-8083-exec-5][INFO][com.example.demo.controller.CaseController][findCaseByTaskId] line:[74]-> 查询成功！
[2019-05-28 15:05:45.618] [http-nio-8083-exec-5][INFO][com.example.demo.controller.TaskController][findTaskById] line:[42]-> 根据Task的ID来查找Task信息
[2019-05-28 15:05:45.696] [http-nio-8083-exec-5][INFO][com.example.demo.controller.TaskController][findTaskById] line:[48]-> 查询成功！
[2019-05-28 15:05:47.065] [http-nio-8083-exec-10][INFO][com.example.demo.controller.CaseController][findCaseByTaskId] line:[74]-> 查询成功！
[2019-05-28 15:05:51.517] [http-nio-8083-exec-4][INFO][com.example.demo.controller.CaseController][findCaseByTaskId] line:[74]-> 查询成功！
[2019-05-28 15:05:56.148] [http-nio-8083-exec-3][INFO][com.example.demo.controller.CaseController][findCaseByTaskId] line:[74]-> 查询成功！
[2019-05-28 15:05:59.717] [http-nio-8083-exec-2][INFO][com.example.demo.controller.CaseController][findCaseByTaskId] line:[74]-> 查询成功！
[2019-05-28 15:06:17.954] [http-nio-8083-exec-4][INFO][com.example.demo.controller.TaskController][findTaskById] line:[42]-> 根据Task的ID来查找Task信息
[2019-05-28 15:06:18.031] [http-nio-8083-exec-4][INFO][com.example.demo.controller.TaskController][findTaskById] line:[48]-> 查询成功！
[2019-05-28 15:06:19.403] [http-nio-8083-exec-8][INFO][com.example.demo.controller.CaseController][findCaseByTaskId] line:[74]-> 查询成功！
[2019-05-28 15:06:22.966] [http-nio-8083-exec-8][INFO][com.example.demo.controller.TaskController][findTaskById] line:[42]-> 根据Task的ID来查找Task信息
[2019-05-28 15:06:23.048] [http-nio-8083-exec-8][INFO][com.example.demo.controller.TaskController][findTaskById] line:[48]-> 查询成功！
[2019-05-28 15:06:24.282] [http-nio-8083-exec-6][INFO][com.example.demo.controller.CaseController][findCaseByTaskId] line:[74]-> 查询成功！
[2019-05-28 15:06:33.477] [http-nio-8083-exec-1][INFO][com.example.demo.controller.CaseController][findCaseByTaskId] line:[74]-> 查询成功！
[2019-05-28 15:06:47.349] [http-nio-8083-exec-5][INFO][com.example.demo.controller.CaseController][findCaseByTaskId] line:[74]-> 查询成功！
[2019-05-28 15:07:04.795] [http-nio-8083-exec-10][INFO][com.example.demo.controller.CaseController][findCaseByTaskId] line:[74]-> 查询成功！
[2019-05-28 15:07:11.837] [http-nio-8083-exec-2][INFO][com.example.demo.controller.CaseController][findCaseByTaskId] line:[74]-> 查询成功！
[2019-05-28 15:07:15.489] [http-nio-8083-exec-8][INFO][com.example.demo.controller.CaseController][insertCasePage] line:[191]-> 转页面
[2019-05-28 15:07:24.646] [http-nio-8083-exec-1][INFO][com.example.demo.controller.CaseController][findCaseByTaskId] line:[74]-> 查询成功！
[2019-05-28 15:08:19.690] [http-nio-8083-exec-3][INFO][com.example.demo.controller.CaseController][findCaseByTaskId] line:[74]-> 查询成功！
[2019-05-28 15:08:24.352] [http-nio-8083-exec-9][INFO][com.example.demo.controller.CaseController][findCaseByTaskId] line:[74]-> 查询成功！
[2019-05-28 15:08:27.885] [http-nio-8083-exec-8][INFO][com.example.demo.controller.CaseController][findCaseByTaskId] line:[74]-> 查询成功！
[2019-05-28 15:08:34.402] [http-nio-8083-exec-5][INFO][com.example.demo.controller.CaseController][findCaseByTaskId] line:[74]-> 查询成功！
[2019-05-28 15:09:07.737] [http-nio-8083-exec-4][INFO][com.example.demo.controller.TaskController][findTaskById] line:[42]-> 根据Task的ID来查找Task信息
[2019-05-28 15:09:07.818] [http-nio-8083-exec-4][INFO][com.example.demo.controller.TaskController][findTaskById] line:[48]-> 查询成功！
[2019-05-28 15:10:30.137] [http-nio-8083-exec-9][INFO][com.example.demo.controller.TaskController][findTaskById] line:[42]-> 根据Task的ID来查找Task信息
[2019-05-28 15:10:30.231] [http-nio-8083-exec-9][INFO][com.example.demo.controller.TaskController][findTaskById] line:[48]-> 查询成功！
[2019-05-28 15:10:31.516] [http-nio-8083-exec-2][INFO][com.example.demo.controller.CaseController][findCaseByTaskId] line:[74]-> 查询成功！
[2019-05-28 15:10:37.549] [http-nio-8083-exec-10][INFO][com.example.demo.controller.TaskController][findTaskById] line:[42]-> 根据Task的ID来查找Task信息
[2019-05-28 15:10:37.639] [http-nio-8083-exec-10][INFO][com.example.demo.controller.TaskController][findTaskById] line:[48]-> 查询成功！
[2019-05-28 15:12:46.740] [http-nio-8083-exec-4][INFO][com.example.demo.controller.TaskController][findTaskById] line:[42]-> 根据Task的ID来查找Task信息
[2019-05-28 15:12:46.817] [http-nio-8083-exec-4][INFO][com.example.demo.controller.TaskController][findTaskById] line:[48]-> 查询成功！
[2019-05-28 15:12:48.166] [http-nio-8083-exec-5][INFO][com.example.demo.controller.CaseController][findCaseByTaskId] line:[74]-> 查询成功！
[2019-05-28 15:12:51.287] [http-nio-8083-exec-7][INFO][com.example.demo.controller.TaskController][findTaskById] line:[42]-> 根据Task的ID来查找Task信息
[2019-05-28 15:12:51.360] [http-nio-8083-exec-7][INFO][com.example.demo.controller.TaskController][findTaskById] line:[48]-> 查询成功！
[2019-05-28 15:13:17.583] [http-nio-8083-exec-9][INFO][com.example.demo.controller.ApiInfoController][insertApiCasePage] line:[77]-> 转页面
[2019-05-28 15:13:25.577] [http-nio-8083-exec-4][INFO][com.example.demo.controller.ApiInfoController][apiCasecreate] line:[85]-> 新增bug记录
[2019-05-28 15:13:25.659] [http-nio-8083-exec-4][INFO][com.example.demo.controller.ApiInfoController][apiCasecreate] line:[88]-> 新增API接口成功！
[2019-05-28 15:13:45.773] [http-nio-8083-exec-4][INFO][com.example.demo.controller.TaskController][findTaskById] line:[42]-> 根据Task的ID来查找Task信息
[2019-05-28 15:13:45.847] [http-nio-8083-exec-4][INFO][com.example.demo.controller.TaskController][findTaskById] line:[48]-> 查询成功！
[2019-05-28 15:13:46.879] [http-nio-8083-exec-5][INFO][com.example.demo.controller.CaseController][findCaseByTaskId] line:[74]-> 查询成功！
[2019-05-28 15:13:50.827] [http-nio-8083-exec-7][INFO][com.example.demo.controller.CaseController][casetoUpdate] line:[158]-> 转向更新页面,在页面提交之前，并未进行更新
[2019-05-28 15:13:50.988] [http-nio-8083-exec-7][INFO][com.example.demo.controller.CaseController][casetoUpdate] line:[167]-> 转向==============================================更新
[2019-05-28 15:13:55.936] [http-nio-8083-exec-9][INFO][com.example.demo.controller.CaseController][UpdateCaseById] line:[144]-> 根据ID更新Case任务成功！
[2019-05-28 15:14:11.608] [http-nio-8083-exec-9][INFO][com.example.demo.controller.CaseController][casetoUpdate] line:[158]-> 转向更新页面,在页面提交之前，并未进行更新
[2019-05-28 15:14:11.758] [http-nio-8083-exec-9][INFO][com.example.demo.controller.CaseController][casetoUpdate] line:[167]-> 转向==============================================更新
[2019-05-28 15:15:00.001] [scheduling-1][ERROR][com.example.demo.controller.MailScheduler][doTask] line:[43]-> 我要开始发邮件啦,现在的时间为:Tue May 28 15:15:00 CST 2019
[2019-05-28 15:15:55.970] [http-nio-8083-exec-10][INFO][com.example.demo.controller.TaskController][findTaskById] line:[42]-> 根据Task的ID来查找Task信息
[2019-05-28 15:15:56.047] [http-nio-8083-exec-10][INFO][com.example.demo.controller.TaskController][findTaskById] line:[48]-> 查询成功！
[2019-05-28 15:15:57.079] [http-nio-8083-exec-3][INFO][com.example.demo.controller.CaseController][findCaseByTaskId] line:[74]-> 查询成功！
[2019-05-28 15:16:00.672] [http-nio-8083-exec-1][INFO][com.example.demo.controller.CaseController][casetoUpdate] line:[159]-> 转向更新页面,在页面提交之前，并未进行更新
[2019-05-28 15:16:01.080] [http-nio-8083-exec-1][INFO][com.example.demo.controller.CaseController][casetoUpdate] line:[168]-> 转向==============================================更新
[2019-05-28 15:16:03.174] [http-nio-8083-exec-6][INFO][com.example.demo.controller.CaseController][UpdateCaseById] line:[145]-> 根据ID更新Case任务成功！
[2019-05-28 15:16:54.470] [http-nio-8083-exec-5][INFO][com.example.demo.controller.TaskController][findTaskById] line:[42]-> 根据Task的ID来查找Task信息
[2019-05-28 15:16:54.556] [http-nio-8083-exec-5][INFO][com.example.demo.controller.TaskController][findTaskById] line:[48]-> 查询成功！
[2019-05-28 15:16:55.752] [http-nio-8083-exec-7][INFO][com.example.demo.controller.CaseController][findCaseByTaskId] line:[74]-> 查询成功！
[2019-05-28 15:17:50.479] [http-nio-8083-exec-4][INFO][com.example.demo.controller.CaseController][casetoUpdate] line:[159]-> 转向更新页面,在页面提交之前，并未进行更新
[2019-05-28 15:17:50.631] [http-nio-8083-exec-4][INFO][com.example.demo.controller.CaseController][casetoUpdate] line:[168]-> 转向==============================================更新
[2019-05-28 15:19:44.446] [http-nio-8083-exec-9][INFO][com.example.demo.controller.TaskController][findTaskById] line:[42]-> 根据Task的ID来查找Task信息
[2019-05-28 15:19:44.525] [http-nio-8083-exec-9][INFO][com.example.demo.controller.TaskController][findTaskById] line:[48]-> 查询成功！
[2019-05-28 15:19:45.707] [http-nio-8083-exec-2][INFO][com.example.demo.controller.CaseController][findCaseByTaskId] line:[74]-> 查询成功！
[2019-05-28 15:19:48.750] [http-nio-8083-exec-1][INFO][com.example.demo.controller.CaseController][casetoUpdate] line:[159]-> 转向更新页面,在页面提交之前，并未进行更新
[2019-05-28 15:19:48.905] [http-nio-8083-exec-1][INFO][com.example.demo.controller.CaseController][casetoUpdate] line:[168]-> 转向==============================================更新
[2019-05-28 15:19:50.951] [http-nio-8083-exec-5][INFO][com.example.demo.controller.CaseController][UpdateCaseById] line:[145]-> 根据ID更新Case任务成功！
[2019-05-28 15:21:03.472] [http-nio-8083-exec-2][INFO][com.example.demo.controller.TaskController][findTaskById] line:[42]-> 根据Task的ID来查找Task信息
[2019-05-28 15:21:03.545] [http-nio-8083-exec-2][INFO][com.example.demo.controller.TaskController][findTaskById] line:[48]-> 查询成功！
[2019-05-28 15:21:04.576] [http-nio-8083-exec-5][INFO][com.example.demo.controller.CaseController][findCaseByTaskId] line:[74]-> 查询成功！
[2019-05-28 15:21:23.233] [http-nio-8083-exec-5][INFO][com.example.demo.controller.CaseController][casetoUpdate] line:[159]-> 转向更新页面,在页面提交之前，并未进行更新
[2019-05-28 15:21:23.382] [http-nio-8083-exec-5][INFO][com.example.demo.controller.CaseController][casetoUpdate] line:[168]-> 转向==============================================更新
[2019-05-28 15:21:41.359] [http-nio-8083-exec-7][INFO][com.example.demo.controller.CaseController][UpdateCaseById] line:[145]-> 根据ID更新Case任务成功！
[2019-05-28 15:22:30.779] [http-nio-8083-exec-5][INFO][com.example.demo.controller.CaseController][casetoUpdate] line:[159]-> 转向更新页面,在页面提交之前，并未进行更新
[2019-05-28 15:22:30.926] [http-nio-8083-exec-5][INFO][com.example.demo.controller.CaseController][casetoUpdate] line:[168]-> 转向==============================================更新
[2019-05-28 15:22:35.574] [http-nio-8083-exec-1][INFO][com.example.demo.controller.TaskController][findTaskById] line:[42]-> 根据Task的ID来查找Task信息
[2019-05-28 15:22:35.648] [http-nio-8083-exec-1][INFO][com.example.demo.controller.TaskController][findTaskById] line:[48]-> 查询成功！
[2019-05-28 15:22:37.048] [http-nio-8083-exec-4][INFO][com.example.demo.controller.CaseController][findCaseByTaskId] line:[74]-> 查询成功！
[2019-05-28 15:25:34.132] [http-nio-8083-exec-2][INFO][com.example.demo.controller.CaseController][casetoUpdate] line:[159]-> 转向更新页面,在页面提交之前，并未进行更新
[2019-05-28 15:25:34.278] [http-nio-8083-exec-2][INFO][com.example.demo.controller.CaseController][casetoUpdate] line:[168]-> 转向==============================================更新
[2019-05-28 15:27:25.297] [http-nio-8083-exec-8][INFO][com.example.demo.controller.TaskController][findTaskById] line:[42]-> 根据Task的ID来查找Task信息
[2019-05-28 15:27:25.372] [http-nio-8083-exec-8][INFO][com.example.demo.controller.TaskController][findTaskById] line:[48]-> 查询成功！
[2019-05-28 15:27:28.724] [http-nio-8083-exec-10][INFO][com.example.demo.controller.CaseController][findCaseByTaskId] line:[74]-> 查询成功！
[2019-05-28 15:27:31.438] [http-nio-8083-exec-6][INFO][com.example.demo.controller.CaseController][casetoUpdate] line:[159]-> 转向更新页面,在页面提交之前，并未进行更新
[2019-05-28 15:27:31.595] [http-nio-8083-exec-6][INFO][com.example.demo.controller.CaseController][casetoUpdate] line:[168]-> 转向==============================================更新
[2019-05-28 15:28:21.674] [http-nio-8083-exec-4][INFO][com.example.demo.controller.CaseController][casetoUpdate] line:[159]-> 转向更新页面,在页面提交之前，并未进行更新
[2019-05-28 15:28:21.794] [http-nio-8083-exec-4][INFO][com.example.demo.controller.CaseController][casetoUpdate] line:[168]-> 转向==============================================更新
[2019-05-28 15:28:28.210] [http-nio-8083-exec-6][INFO][com.example.demo.controller.CaseController][UpdateCaseById] line:[145]-> 根据ID更新Case任务成功！
[2019-05-28 15:28:32.457] [http-nio-8083-exec-9][INFO][com.example.demo.controller.CaseController][findCaseByTaskId] line:[74]-> 查询成功！
[2019-05-28 15:30:00.001] [scheduling-1][ERROR][com.example.demo.controller.MailScheduler][doTask] line:[43]-> 我要开始发邮件啦,现在的时间为:Tue May 28 15:30:00 CST 2019
[2019-05-28 15:31:02.079] [http-nio-8083-exec-7][INFO][com.example.demo.controller.TaskController][findTaskById] line:[42]-> 根据Task的ID来查找Task信息
[2019-05-28 15:31:02.159] [http-nio-8083-exec-7][INFO][com.example.demo.controller.TaskController][findTaskById] line:[48]-> 查询成功！
[2019-05-28 15:31:03.501] [http-nio-8083-exec-10][INFO][com.example.demo.controller.CaseController][findCaseByTaskId] line:[74]-> 查询成功！
[2019-05-28 15:31:06.371] [http-nio-8083-exec-6][INFO][com.example.demo.controller.CaseController][casetoUpdate] line:[159]-> 转向更新页面,在页面提交之前，并未进行更新
[2019-05-28 15:31:06.530] [http-nio-8083-exec-6][INFO][com.example.demo.controller.CaseController][casetoUpdate] line:[168]-> 转向==============================================更新
[2019-05-28 15:31:09.266] [http-nio-8083-exec-7][INFO][com.example.demo.controller.CaseController][UpdateCaseById] line:[145]-> 根据ID更新Case任务成功！
[2019-05-28 15:31:13.778] [http-nio-8083-exec-3][INFO][com.example.demo.controller.CaseController][findCaseByTaskId] line:[74]-> 查询成功！
