[2019-05-23 00:00:20.450] [main][INFO][com.example.demo.DemoApplication][logStarting] line:[50]-> Starting DemoApplication on jasqia7490 with PID 8732 (D:\000_Mark\TestPlatfrom_github\target\classes started by jasqia in D:\000_Mark\TestPlatfrom_github)
[2019-05-23 00:00:20.461] [main][DEBUG][com.example.demo.DemoApplication][logStarting] line:[53]-> Running with Spring Boot v2.1.2.RELEASE, Spring v5.1.4.RELEASE
[2019-05-23 00:00:20.462] [main][INFO][com.example.demo.DemoApplication][logStartupProfileInfo] line:[679]-> The following profiles are active: active
[2019-05-23 00:00:23.855] [main][INFO][com.example.demo.DemoApplication][logStarted] line:[59]-> Started DemoApplication in 3.856 seconds (JVM running for 5.077)
[2019-05-23 00:14:07.932] [main][INFO][com.example.demo.DemoApplication][logStarting] line:[50]-> Starting DemoApplication on jasqia7490 with PID 16044 (D:\000_Mark\TestPlatfrom_github\target\classes started by jasqia in D:\000_Mark\TestPlatfrom_github)
[2019-05-23 00:14:07.935] [main][DEBUG][com.example.demo.DemoApplication][logStarting] line:[53]-> Running with Spring Boot v2.1.2.RELEASE, Spring v5.1.4.RELEASE
[2019-05-23 00:14:07.935] [main][INFO][com.example.demo.DemoApplication][logStartupProfileInfo] line:[679]-> The following profiles are active: active
[2019-05-23 00:14:11.178] [main][INFO][com.example.demo.DemoApplication][logStarted] line:[59]-> Started DemoApplication in 3.713 seconds (JVM running for 4.38)
[2019-05-23 00:19:26.765] [main][INFO][com.example.demo.DemoApplication][logStarting] line:[50]-> Starting DemoApplication on jasqia7490 with PID 2104 (D:\000_Mark\TestPlatfrom_github\target\classes started by jasqia in D:\000_Mark\TestPlatfrom_github)
[2019-05-23 00:19:26.767] [main][DEBUG][com.example.demo.DemoApplication][logStarting] line:[53]-> Running with Spring Boot v2.1.2.RELEASE, Spring v5.1.4.RELEASE
[2019-05-23 00:19:26.767] [main][INFO][com.example.demo.DemoApplication][logStartupProfileInfo] line:[679]-> The following profiles are active: active
[2019-05-23 00:19:30.163] [main][INFO][com.example.demo.DemoApplication][logStarted] line:[59]-> Started DemoApplication in 3.867 seconds (JVM running for 4.77)
[2019-05-23 00:22:59.155] [main][INFO][com.example.demo.DemoApplication][logStarting] line:[50]-> Starting DemoApplication on jasqia7490 with PID 11824 (D:\000_Mark\TestPlatfrom_github\target\classes started by jasqia in D:\000_Mark\TestPlatfrom_github)
[2019-05-23 00:22:59.157] [main][DEBUG][com.example.demo.DemoApplication][logStarting] line:[53]-> Running with Spring Boot v2.1.2.RELEASE, Spring v5.1.4.RELEASE
[2019-05-23 00:22:59.157] [main][INFO][com.example.demo.DemoApplication][logStartupProfileInfo] line:[679]-> The following profiles are active: active
[2019-05-23 00:23:02.397] [main][INFO][com.example.demo.DemoApplication][logStarted] line:[59]-> Started DemoApplication in 3.713 seconds (JVM running for 4.494)
[2019-05-23 00:24:06.385] [main][INFO][com.example.demo.DemoApplication][logStarting] line:[50]-> Starting DemoApplication on jasqia7490 with PID 19404 (D:\000_Mark\TestPlatfrom_github\target\classes started by jasqia in D:\000_Mark\TestPlatfrom_github)
[2019-05-23 00:24:06.390] [main][DEBUG][com.example.demo.DemoApplication][logStarting] line:[53]-> Running with Spring Boot v2.1.2.RELEASE, Spring v5.1.4.RELEASE
[2019-05-23 00:24:06.390] [main][INFO][com.example.demo.DemoApplication][logStartupProfileInfo] line:[679]-> The following profiles are active: active
[2019-05-23 00:24:09.877] [main][INFO][com.example.demo.DemoApplication][logStarted] line:[59]-> Started DemoApplication in 4.19 seconds (JVM running for 5.197)
[2019-05-23 00:26:25.004] [main][INFO][com.example.demo.DemoApplication][logStarting] line:[50]-> Starting DemoApplication on jasqia7490 with PID 13356 (D:\000_Mark\TestPlatfrom_github\target\classes started by jasqia in D:\000_Mark\TestPlatfrom_github)
[2019-05-23 00:26:25.006] [main][DEBUG][com.example.demo.DemoApplication][logStarting] line:[53]-> Running with Spring Boot v2.1.2.RELEASE, Spring v5.1.4.RELEASE
[2019-05-23 00:26:25.006] [main][INFO][com.example.demo.DemoApplication][logStartupProfileInfo] line:[679]-> The following profiles are active: active
[2019-05-23 00:26:28.226] [main][INFO][com.example.demo.DemoApplication][logStarted] line:[59]-> Started DemoApplication in 3.69 seconds (JVM running for 4.547)
[2019-05-23 00:27:24.846] [main][INFO][com.example.demo.DemoApplication][logStarting] line:[50]-> Starting DemoApplication on jasqia7490 with PID 21356 (D:\000_Mark\TestPlatfrom_github\target\classes started by jasqia in D:\000_Mark\TestPlatfrom_github)
[2019-05-23 00:27:24.849] [main][DEBUG][com.example.demo.DemoApplication][logStarting] line:[53]-> Running with Spring Boot v2.1.2.RELEASE, Spring v5.1.4.RELEASE
[2019-05-23 00:27:24.849] [main][INFO][com.example.demo.DemoApplication][logStartupProfileInfo] line:[679]-> The following profiles are active: active
[2019-05-23 00:27:28.129] [main][INFO][com.example.demo.DemoApplication][logStarted] line:[59]-> Started DemoApplication in 3.785 seconds (JVM running for 4.597)
[2019-05-23 00:36:51.688] [main][INFO][com.example.demo.DemoApplication][logStarting] line:[50]-> Starting DemoApplication on jasqia7490 with PID 9720 (D:\000_Mark\TestPlatfrom_github\target\classes started by jasqia in D:\000_Mark\TestPlatfrom_github)
[2019-05-23 00:36:51.690] [main][DEBUG][com.example.demo.DemoApplication][logStarting] line:[53]-> Running with Spring Boot v2.1.2.RELEASE, Spring v5.1.4.RELEASE
[2019-05-23 00:36:51.691] [main][INFO][com.example.demo.DemoApplication][logStartupProfileInfo] line:[679]-> The following profiles are active: active
[2019-05-23 00:36:54.868] [main][INFO][com.example.demo.DemoApplication][logStarted] line:[59]-> Started DemoApplication in 3.662 seconds (JVM running for 4.405)
[2019-05-23 00:38:41.933] [main][INFO][com.example.demo.DemoApplication][logStarting] line:[50]-> Starting DemoApplication on jasqia7490 with PID 13688 (D:\000_Mark\TestPlatfrom_github\target\classes started by jasqia in D:\000_Mark\TestPlatfrom_github)
[2019-05-23 00:38:41.935] [main][DEBUG][com.example.demo.DemoApplication][logStarting] line:[53]-> Running with Spring Boot v2.1.2.RELEASE, Spring v5.1.4.RELEASE
[2019-05-23 00:38:41.936] [main][INFO][com.example.demo.DemoApplication][logStartupProfileInfo] line:[679]-> The following profiles are active: active
[2019-05-23 00:38:45.134] [main][INFO][com.example.demo.DemoApplication][logStarted] line:[59]-> Started DemoApplication in 3.653 seconds (JVM running for 4.616)
[2019-05-23 00:39:19.871] [http-nio-8083-exec-4][INFO][com.example.demo.service.impl.UserServiceImpl][getByUsername] line:[58]-> 2019-05-23 00:39:19
[2019-05-23 00:39:19.871] [http-nio-8083-exec-4][INFO][com.example.demo.service.impl.UserServiceImpl][getByUsername] line:[59]-> UserEntity{id=2, username='admin', password='$2a$10$A4EZrzoXqj4mVyXiw/fsp.mJ.Ne5aVAMWrMK0mAb2zY7lJ/H6Jryi', nickname='admin', roles='role_user,role_admin'}
[2019-05-23 00:39:20.019] [http-nio-8083-exec-5][INFO][com.example.demo.service.impl.UserServiceImpl][getByUsername] line:[58]-> 2019-05-23 00:39:20
[2019-05-23 00:39:20.019] [http-nio-8083-exec-5][INFO][com.example.demo.service.impl.UserServiceImpl][getByUsername] line:[59]-> UserEntity{id=2, username='admin', password='$2a$10$A4EZrzoXqj4mVyXiw/fsp.mJ.Ne5aVAMWrMK0mAb2zY7lJ/H6Jryi', nickname='admin', roles='role_user,role_admin'}
[2019-05-23 00:40:40.186] [main][INFO][com.example.demo.DemoApplication][logStarting] line:[50]-> Starting DemoApplication on jasqia7490 with PID 11648 (D:\000_Mark\TestPlatfrom_github\target\classes started by jasqia in D:\000_Mark\TestPlatfrom_github)
[2019-05-23 00:40:40.188] [main][DEBUG][com.example.demo.DemoApplication][logStarting] line:[53]-> Running with Spring Boot v2.1.2.RELEASE, Spring v5.1.4.RELEASE
[2019-05-23 00:40:40.189] [main][INFO][com.example.demo.DemoApplication][logStartupProfileInfo] line:[679]-> The following profiles are active: active
[2019-05-23 00:40:43.455] [main][INFO][com.example.demo.DemoApplication][logStarted] line:[59]-> Started DemoApplication in 3.744 seconds (JVM running for 4.471)
[2019-05-23 00:41:16.120] [http-nio-8083-exec-4][INFO][com.example.demo.service.impl.UserServiceImpl][getByUsername] line:[58]-> 2019-05-23 00:41:16
[2019-05-23 00:41:16.121] [http-nio-8083-exec-4][INFO][com.example.demo.service.impl.UserServiceImpl][getByUsername] line:[59]-> UserEntity{id=2, username='admin', password='$2a$10$A4EZrzoXqj4mVyXiw/fsp.mJ.Ne5aVAMWrMK0mAb2zY7lJ/H6Jryi', nickname='admin', roles='role_user,role_admin'}
[2019-05-23 00:41:16.282] [http-nio-8083-exec-8][INFO][com.example.demo.service.impl.UserServiceImpl][getByUsername] line:[58]-> 2019-05-23 00:41:16
[2019-05-23 00:41:16.282] [http-nio-8083-exec-8][INFO][com.example.demo.service.impl.UserServiceImpl][getByUsername] line:[59]-> UserEntity{id=2, username='admin', password='$2a$10$A4EZrzoXqj4mVyXiw/fsp.mJ.Ne5aVAMWrMK0mAb2zY7lJ/H6Jryi', nickname='admin', roles='role_user,role_admin'}
[2019-05-23 00:45:27.657] [main][INFO][com.example.demo.DemoApplication][logStarting] line:[50]-> Starting DemoApplication on jasqia7490 with PID 7108 (D:\000_Mark\TestPlatfrom_github\target\classes started by jasqia in D:\000_Mark\TestPlatfrom_github)
[2019-05-23 00:45:27.660] [main][DEBUG][com.example.demo.DemoApplication][logStarting] line:[53]-> Running with Spring Boot v2.1.2.RELEASE, Spring v5.1.4.RELEASE
[2019-05-23 00:45:27.660] [main][INFO][com.example.demo.DemoApplication][logStartupProfileInfo] line:[679]-> The following profiles are active: active
[2019-05-23 00:45:30.937] [main][INFO][com.example.demo.DemoApplication][logStarted] line:[59]-> Started DemoApplication in 3.771 seconds (JVM running for 4.563)
[2019-05-23 00:48:30.768] [main][INFO][com.example.demo.DemoApplication][logStarting] line:[50]-> Starting DemoApplication on jasqia7490 with PID 15408 (D:\000_Mark\TestPlatfrom_github\target\classes started by jasqia in D:\000_Mark\TestPlatfrom_github)
[2019-05-23 00:48:30.770] [main][DEBUG][com.example.demo.DemoApplication][logStarting] line:[53]-> Running with Spring Boot v2.1.2.RELEASE, Spring v5.1.4.RELEASE
[2019-05-23 00:48:30.770] [main][INFO][com.example.demo.DemoApplication][logStartupProfileInfo] line:[679]-> The following profiles are active: active
[2019-05-23 00:48:34.094] [main][INFO][com.example.demo.DemoApplication][logStarted] line:[59]-> Started DemoApplication in 3.907 seconds (JVM running for 4.689)
[2019-05-23 09:03:38.240] [main][INFO][com.example.demo.DemoApplication][logStarting] line:[50]-> Starting DemoApplication on jasqia7490 with PID 20808 (D:\000_Mark\TestPlatfrom_github\target\classes started by jasqia in D:\000_Mark\TestPlatfrom_github)
[2019-05-23 09:03:38.242] [main][DEBUG][com.example.demo.DemoApplication][logStarting] line:[53]-> Running with Spring Boot v2.1.2.RELEASE, Spring v5.1.4.RELEASE
[2019-05-23 09:03:38.242] [main][INFO][com.example.demo.DemoApplication][logStartupProfileInfo] line:[679]-> The following profiles are active: active
[2019-05-23 09:03:41.032] [main][INFO][com.example.demo.DemoApplication][logStarted] line:[59]-> Started DemoApplication in 3.203 seconds (JVM running for 3.854)
[2019-05-23 09:05:15.758] [main][INFO][com.example.demo.DemoApplication][logStarting] line:[50]-> Starting DemoApplication on jasqia7490 with PID 13448 (D:\000_Mark\TestPlatfrom_github\target\classes started by jasqia in D:\000_Mark\TestPlatfrom_github)
[2019-05-23 09:05:15.761] [main][DEBUG][com.example.demo.DemoApplication][logStarting] line:[53]-> Running with Spring Boot v2.1.2.RELEASE, Spring v5.1.4.RELEASE
[2019-05-23 09:05:15.761] [main][INFO][com.example.demo.DemoApplication][logStartupProfileInfo] line:[679]-> The following profiles are active: active
[2019-05-23 09:05:18.834] [main][INFO][com.example.demo.DemoApplication][logStarted] line:[59]-> Started DemoApplication in 3.498 seconds (JVM running for 4.261)
[2019-05-23 09:09:44.639] [main][INFO][com.example.demo.DemoApplication][logStarting] line:[50]-> Starting DemoApplication on jasqia7490 with PID 12396 (D:\000_Mark\TestPlatfrom_github\target\classes started by jasqia in D:\000_Mark\TestPlatfrom_github)
[2019-05-23 09:09:44.640] [main][DEBUG][com.example.demo.DemoApplication][logStarting] line:[53]-> Running with Spring Boot v2.1.2.RELEASE, Spring v5.1.4.RELEASE
[2019-05-23 09:09:44.641] [main][INFO][com.example.demo.DemoApplication][logStartupProfileInfo] line:[679]-> The following profiles are active: active
[2019-05-23 09:09:47.424] [main][INFO][com.example.demo.DemoApplication][logStarted] line:[59]-> Started DemoApplication in 13.211 seconds (JVM running for 14.011)
[2019-05-23 09:13:51.595] [main][INFO][com.example.demo.DemoApplication][logStarting] line:[50]-> Starting DemoApplication on jasqia7490 with PID 2832 (D:\000_Mark\TestPlatfrom_github\target\classes started by jasqia in D:\000_Mark\TestPlatfrom_github)
[2019-05-23 09:13:51.598] [main][DEBUG][com.example.demo.DemoApplication][logStarting] line:[53]-> Running with Spring Boot v2.1.2.RELEASE, Spring v5.1.4.RELEASE
[2019-05-23 09:13:51.598] [main][INFO][com.example.demo.DemoApplication][logStartupProfileInfo] line:[679]-> The following profiles are active: active
[2019-05-23 09:13:54.628] [main][INFO][com.example.demo.DemoApplication][logStarted] line:[59]-> Started DemoApplication in 3.445 seconds (JVM running for 4.348)
[2019-05-23 09:14:37.875] [main][INFO][com.example.demo.DemoApplication][logStarting] line:[50]-> Starting DemoApplication on jasqia7490 with PID 1404 (D:\000_Mark\TestPlatfrom_github\target\classes started by jasqia in D:\000_Mark\TestPlatfrom_github)
[2019-05-23 09:14:37.877] [main][DEBUG][com.example.demo.DemoApplication][logStarting] line:[53]-> Running with Spring Boot v2.1.2.RELEASE, Spring v5.1.4.RELEASE
[2019-05-23 09:14:37.877] [main][INFO][com.example.demo.DemoApplication][logStartupProfileInfo] line:[679]-> The following profiles are active: active
[2019-05-23 09:14:40.712] [main][INFO][com.example.demo.DemoApplication][logStarted] line:[59]-> Started DemoApplication in 3.254 seconds (JVM running for 4.021)
[2019-05-23 09:16:07.406] [main][INFO][com.example.demo.DemoApplication][logStarting] line:[50]-> Starting DemoApplication on jasqia7490 with PID 14484 (D:\000_Mark\TestPlatfrom_github\target\classes started by jasqia in D:\000_Mark\TestPlatfrom_github)
[2019-05-23 09:16:07.409] [main][DEBUG][com.example.demo.DemoApplication][logStarting] line:[53]-> Running with Spring Boot v2.1.2.RELEASE, Spring v5.1.4.RELEASE
[2019-05-23 09:16:07.409] [main][INFO][com.example.demo.DemoApplication][logStartupProfileInfo] line:[679]-> The following profiles are active: active
[2019-05-23 09:16:10.532] [main][INFO][com.example.demo.DemoApplication][logStarted] line:[59]-> Started DemoApplication in 3.666 seconds (JVM running for 4.64)
[2019-05-23 09:21:59.298] [main][INFO][com.example.demo.DemoApplication][logStarting] line:[50]-> Starting DemoApplication on jasqia7490 with PID 16296 (D:\000_Mark\TestPlatfrom_github\target\classes started by jasqia in D:\000_Mark\TestPlatfrom_github)
[2019-05-23 09:21:59.301] [main][DEBUG][com.example.demo.DemoApplication][logStarting] line:[53]-> Running with Spring Boot v2.1.2.RELEASE, Spring v5.1.4.RELEASE
[2019-05-23 09:21:59.301] [main][INFO][com.example.demo.DemoApplication][logStartupProfileInfo] line:[679]-> The following profiles are active: active
[2019-05-23 09:22:02.174] [main][INFO][com.example.demo.DemoApplication][logStarted] line:[59]-> Started DemoApplication in 3.3 seconds (JVM running for 4.07)
